{
  "0 debug pnpm:scope": {
    "selected": 1,
    "workspacePrefix": "C:\\Users\\paolo\\Desktop\\vscode"
  },
  "1 info pnpm": {
    "err": {
      "name": "Error",
      "message": "not found: installpnpm",
      "code": "ENOENT",
      "stack": "Error: not found: installpnpm\n    at getNotFoundError (C:\\Users\\paolo\\AppData\\Local\\pnpm\\.tools\\pnpm\\7.0.0\\node_modules\\pnpm\\dist\\pnpm.cjs:41518:51)\n    at Function.whichSync [as sync] (C:\\Users\\paolo\\AppData\\Local\\pnpm\\.tools\\pnpm\\7.0.0\\node_modules\\pnpm\\dist\\pnpm.cjs:41595:13)\n    at getCommandAbsolutePathSync (C:\\Users\\paolo\\AppData\\Local\\pnpm\\.tools\\pnpm\\7.0.0\\node_modules\\pnpm\\dist\\pnpm.cjs:43160:44)\n    at default_1 (C:\\Users\\paolo\\AppData\\Local\\pnpm\\.tools\\pnpm\\7.0.0\\node_modules\\pnpm\\dist\\pnpm.cjs:43169:32)\n    at C:\\Users\\paolo\\AppData\\Local\\pnpm\\.tools\\pnpm\\7.0.0\\node_modules\\pnpm\\dist\\pnpm.cjs:171190:39"
    }
  },
  "2 error pnpm": {
    "code": "ERR_PNPM_RECURSIVE_EXEC_FIRST_FAIL",
    "prefix": "C:\\Users\\paolo\\Desktop\\vscode",
    "err": {
      "name": "pnpm",
      "message": "not found: installpnpm",
      "code": "ERR_PNPM_RECURSIVE_EXEC_FIRST_FAIL",
      "stack": "Error: not found: installpnpm\n    at getNotFoundError (C:\\Users\\paolo\\AppData\\Local\\pnpm\\.tools\\pnpm\\7.0.0\\node_modules\\pnpm\\dist\\pnpm.cjs:41518:51)\n    at Function.whichSync [as sync] (C:\\Users\\paolo\\AppData\\Local\\pnpm\\.tools\\pnpm\\7.0.0\\node_modules\\pnpm\\dist\\pnpm.cjs:41595:13)\n    at getCommandAbsolutePathSync (C:\\Users\\paolo\\AppData\\Local\\pnpm\\.tools\\pnpm\\7.0.0\\node_modules\\pnpm\\dist\\pnpm.cjs:43160:44)\n    at default_1 (C:\\Users\\paolo\\AppData\\Local\\pnpm\\.tools\\pnpm\\7.0.0\\node_modules\\pnpm\\dist\\pnpm.cjs:43169:32)\n    at C:\\Users\\paolo\\AppData\\Local\\pnpm\\.tools\\pnpm\\7.0.0\\node_modules\\pnpm\\dist\\pnpm.cjs:171190:39"
    }
  }
}